<?xml version="1.0" encoding="UTF-8"?>
<!-- Generated by org.testng.reporters.JUnitReportReporter -->
<testsuite skipped="0" hostname="DESKTOP-1KB8NDV" name="test.RemoveAllTest" tests="1" failures="0" timestamp="13 Nov 2020 18:08:32 GMT" time="18.602" errors="0">
  <testcase name="UserShouldBeAbleToRemoveAllItemsOTheList" time="18.602" classname="test.RemoveAllTest"/>
</testsuite> <!-- test.RemoveAllTest -->
