<?xml version="1.0" encoding="UTF-8"?>
<!-- Generated by org.testng.reporters.JUnitReportReporter -->
<testsuite skipped="0" hostname="DESKTOP-1KB8NDV" name="test.LoginTest" tests="1" failures="0" timestamp="13 Nov 2020 18:09:03 GMT" time="7.567" errors="0">
  <testcase name="validUserShouldNotBeAbleToLogin" time="7.567" classname="test.LoginTest"/>
</testsuite> <!-- test.LoginTest -->
