<?xml version="1.0" encoding="UTF-8"?>
<!-- Generated by org.testng.reporters.JUnitReportReporter -->
<testsuite skipped="0" hostname="DESKTOP-1KB8NDV" name="test.MonthDropDownTest" tests="1" failures="0" timestamp="08 Nov 2020 21:18:32 GMT" time="18.499" errors="0">
  <testcase name="UserShouldBeAbleToSeeAllTwelveMonth" time="18.499" classname="test.MonthDropDownTest"/>
</testsuite> <!-- test.MonthDropDownTest -->
