<?xml version="1.0" encoding="UTF-8"?>
<!-- Generated by org.testng.reporters.JUnitReportReporter -->
<testsuite skipped="0" hostname="DESKTOP-1KB8NDV" name="test.TogglekeyValidatonTest" tests="1" failures="0" timestamp="13 Nov 2020 18:07:04 GMT" time="19.656" errors="0">
  <testcase name="UserShouldBeAbleToClickOnToggleAll" time="19.656" classname="test.TogglekeyValidatonTest"/>
</testsuite> <!-- test.TogglekeyValidatonTest -->
