<?xml version="1.0" encoding="UTF-8"?>
<!-- Generated by org.testng.reporters.JUnitReportReporter -->
<testsuite skipped="0" hostname="DESKTOP-1KB8NDV" name="test.AddCategoryTest" tests="1" failures="0" timestamp="13 Nov 2020 18:09:39 GMT" time="19.242" errors="0">
  <testcase name="UserShouldBeAbleToAddCategory" time="19.242" classname="test.AddCategoryTest"/>
</testsuite> <!-- test.AddCategoryTest -->
